<?xml version="1.0" encoding="UTF-8"?>
<testng-results ignored="0" total="2" passed="2" failed="0" skipped="0">
  <reporter-output>
  </reporter-output>
  <suite started-at="2024-11-22T11:46:12 IST" name="Default suite" finished-at="2024-11-22T11:46:16 IST" duration-ms="4781">
    <groups>
    </groups>
    <test started-at="2024-11-22T11:46:12 IST" name="Default test" finished-at="2024-11-22T11:46:16 IST" duration-ms="4781">
      <class name="com.ninza.hrm.api.employeetest.EmployeeTest">
        <test-method is-config="true" signature="configBS()[pri:0, instance:com.ninza.hrm.api.employeetest.EmployeeTest@618b19ad]" started-at="2024-11-22T11:46:04 IST" name="configBS" finished-at="2024-11-22T11:46:12 IST" duration-ms="7701" status="PASS">
          <reporter-output>
          </reporter-output>
        </test-method> <!-- configBS -->
        <test-method signature="addEmployeeTest()[pri:0, instance:com.ninza.hrm.api.employeetest.EmployeeTest@618b19ad]" started-at="2024-11-22T11:46:12 IST" name="addEmployeeTest" finished-at="2024-11-22T11:46:16 IST" duration-ms="4170" status="PASS">
          <reporter-output>
          </reporter-output>
        </test-method> <!-- addEmployeeTest -->
        <test-method signature="addEmployeeWithoutEmailTest()[pri:0, instance:com.ninza.hrm.api.employeetest.EmployeeTest@618b19ad]" started-at="2024-11-22T11:46:16 IST" name="addEmployeeWithoutEmailTest" finished-at="2024-11-22T11:46:16 IST" duration-ms="525" status="PASS">
          <reporter-output>
          </reporter-output>
        </test-method> <!-- addEmployeeWithoutEmailTest -->
        <test-method is-config="true" signature="configAS()[pri:0, instance:com.ninza.hrm.api.employeetest.EmployeeTest@618b19ad]" started-at="2024-11-22T11:46:16 IST" name="configAS" finished-at="2024-11-22T11:46:16 IST" duration-ms="10" status="PASS">
          <reporter-output>
          </reporter-output>
        </test-method> <!-- configAS -->
      </class> <!-- com.ninza.hrm.api.employeetest.EmployeeTest -->
    </test> <!-- Default test -->
  </suite> <!-- Default suite -->
</testng-results>
